<?xml version="1.0" encoding="UTF-8"?>
<!-- Generated by org.testng.reporters.JUnitReportReporter -->
<testsuite hostname="LAPTOP-BIFLVTUC" failures="0" tests="1" name="NewTest" time="23.009" errors="0" timestamp="2022-10-04T17:17:36 IST" skipped="0">
  <testcase classname="NewTest" name="f" time="23.009"/>
  <system-out/>
</testsuite> <!-- NewTest -->
